# JRE version: OpenJDK Runtime Environment Temurin-17.0.1+12 (17.0.1+12) (build 17.0.1+12)
# Java VM: OpenJDK 64-Bit Server VM Temurin-17.0.1+12 (17.0.1+12, mixed mode, tiered, compressed oops, compressed class ptrs, g1 gc, windows-amd64)
GC Precious Log:
 CPUs: 8 total, 8 available
 Memory: 8038M
 Large Page Support: Disabled
 NUMA Support: Disabled
 Compressed Oops: Enabled (32-bit)
 Heap Region Size: 1M
 Heap Min Capacity: 8M
 Heap Initial Capacity: 126M
 Heap Max Capacity: 2010M
 Pre-touch: Disabled
 Parallel Workers: 8
 Concurrent Workers: 2
 Concurrent Refinement Workers: 8
 Periodic GC: Disabled
Heap:
 garbage-first heap   total 81920K, used 33071K [0x0000000082600000, 0x0000000100000000)
  region size 1024K, 11 young (11264K), 6 survivors (6144K)
 Metaspace       used 76064K, committed 76608K, reserved 1122304K
  class space    used 9849K, committed 10112K, reserved 1048576K
GC Heap History (20 events):
Event: 3.740 GC heap before
{Heap before GC invocations=10 (full 0):
 garbage-first heap   total 80896K, used 57504K [0x0000000082600000, 0x0000000100000000)
  region size 1024K, 47 young (48128K), 1 survivors (1024K)
 Metaspace       used 26551K, committed 26880K, reserved 1073152K
  class space    used 2979K, committed 3136K, reserved 1048576K
}
Event: 3.742 GC heap after
{Heap after GC invocations=11 (full 0):
 garbage-first heap   total 80896K, used 11999K [0x0000000082600000, 0x0000000100000000)
  region size 1024K, 1 young (1024K), 1 survivors (1024K)
 Metaspace       used 26551K, committed 26880K, reserved 1073152K
  class space    used 2979K, committed 3136K, reserved 1048576K
}
Event: 6.471 GC heap before
{Heap before GC invocations=11 (full 0):
 garbage-first heap   total 80896K, used 59103K [0x0000000082600000, 0x0000000100000000)
  region size 1024K, 47 young (48128K), 1 survivors (1024K)
 Metaspace       used 33204K, committed 33600K, reserved 1081344K
  class space    used 3856K, committed 4032K, reserved 1048576K
}
Event: 6.478 GC heap after
{Heap after GC invocations=12 (full 0):
 garbage-first heap   total 80896K, used 15944K [0x0000000082600000, 0x0000000100000000)
  region size 1024K, 5 young (5120K), 5 survivors (5120K)
 Metaspace       used 33204K, committed 33600K, reserved 1081344K
  class space    used 3856K, committed 4032K, reserved 1048576K
}
Event: 9.125 GC heap before
{Heap before GC invocations=12 (full 0):
 garbage-first heap   total 80896K, used 27208K [0x0000000082600000, 0x0000000100000000)
  region size 1024K, 17 young (17408K), 5 survivors (5120K)
 Metaspace       used 35660K, committed 35968K, reserved 1081344K
  class space    used 4209K, committed 4352K, reserved 1048576K
}
Event: 9.134 GC heap after
{Heap after GC invocations=13 (full 0):
 garbage-first heap   total 80896K, used 17250K [0x0000000082600000, 0x0000000100000000)
  region size 1024K, 2 young (2048K), 2 survivors (2048K)
 Metaspace       used 35660K, committed 35968K, reserved 1081344K
  class space    used 4209K, committed 4352K, reserved 1048576K
}
Event: 10.044 GC heap before
{Heap before GC invocations=14 (full 0):
 garbage-first heap   total 65536K, used 53090K [0x0000000082600000, 0x0000000100000000)
  region size 1024K, 38 young (38912K), 2 survivors (2048K)
 Metaspace       used 36163K, committed 36544K, reserved 1089536K
  class space    used 4265K, committed 4416K, reserved 1048576K
}
Event: 10.047 GC heap after
{Heap after GC invocations=15 (full 0):
 garbage-first heap   total 65536K, used 17310K [0x0000000082600000, 0x0000000100000000)
  region size 1024K, 2 young (2048K), 2 survivors (2048K)
 Metaspace       used 36163K, committed 36544K, reserved 1089536K
  class space    used 4265K, committed 4416K, reserved 1048576K
}
Event: 10.051 GC heap before
{Heap before GC invocations=15 (full 0):
 garbage-first heap   total 65536K, used 50078K [0x0000000082600000, 0x0000000100000000)
  region size 1024K, 35 young (35840K), 2 survivors (2048K)
 Metaspace       used 36163K, committed 36544K, reserved 1089536K
  class space    used 4265K, committed 4416K, reserved 1048576K
}
Event: 10.054 GC heap after
{Heap after GC invocations=16 (full 0):
 garbage-first heap   total 65536K, used 17363K [0x0000000082600000, 0x0000000100000000)
  region size 1024K, 2 young (2048K), 2 survivors (2048K)
 Metaspace       used 36163K, committed 36544K, reserved 1089536K
  class space    used 4265K, committed 4416K, reserved 1048576K
}
Event: 10.058 GC heap before
{Heap before GC invocations=16 (full 0):
 garbage-first heap   total 65536K, used 51155K [0x0000000082600000, 0x0000000100000000)
  region size 1024K, 36 young (36864K), 2 survivors (2048K)
 Metaspace       used 36163K, committed 36544K, reserved 1089536K
  class space    used 4265K, committed 4416K, reserved 1048576K
}
Event: 10.061 GC heap after
{Heap after GC invocations=17 (full 0):
 garbage-first heap   total 151552K, used 17335K [0x0000000082600000, 0x0000000100000000)
  region size 1024K, 2 young (2048K), 2 survivors (2048K)
 Metaspace       used 36163K, committed 36544K, reserved 1089536K
  class space    used 4265K, committed 4416K, reserved 1048576K
}
Event: 24.363 GC heap before
{Heap before GC invocations=17 (full 0):
 garbage-first heap   total 151552K, used 104375K [0x0000000082600000, 0x0000000100000000)
  region size 1024K, 88 young (90112K), 2 survivors (2048K)
 Metaspace       used 52275K, committed 52736K, reserved 1097728K
  class space    used 6443K, committed 6656K, reserved 1048576K
}
Event: 24.372 GC heap after
{Heap after GC invocations=18 (full 0):
 garbage-first heap   total 151552K, used 21036K [0x0000000082600000, 0x0000000100000000)
  region size 1024K, 6 young (6144K), 6 survivors (6144K)
 Metaspace       used 52275K, committed 52736K, reserved 1097728K
  class space    used 6443K, committed 6656K, reserved 1048576K
}
Event: 29.727 GC heap before
{Heap before GC invocations=18 (full 0):
 garbage-first heap   total 151552K, used 56876K [0x0000000082600000, 0x0000000100000000)
  region size 1024K, 43 young (44032K), 6 survivors (6144K)
 Metaspace       used 59963K, committed 60416K, reserved 1105920K
  class space    used 7401K, committed 7616K, reserved 1048576K
}
Event: 29.733 GC heap after
{Heap after GC invocations=19 (full 0):
 garbage-first heap   total 151552K, used 22917K [0x0000000082600000, 0x0000000100000000)
  region size 1024K, 7 young (7168K), 7 survivors (7168K)
 Metaspace       used 59963K, committed 60416K, reserved 1105920K
  class space    used 7401K, committed 7616K, reserved 1048576K
}
Event: 33.260 GC heap before
{Heap before GC invocations=20 (full 0):
 garbage-first heap   total 81920K, used 64901K [0x0000000082600000, 0x0000000100000000)
  region size 1024K, 48 young (49152K), 7 survivors (7168K)
 Metaspace       used 69695K, committed 70208K, reserved 1114112K
  class space    used 8948K, committed 9216K, reserved 1048576K
}
Event: 33.268 GC heap after
{Heap after GC invocations=21 (full 0):
 garbage-first heap   total 81920K, used 25324K [0x0000000082600000, 0x0000000100000000)
  region size 1024K, 5 young (5120K), 5 survivors (5120K)
 Metaspace       used 69695K, committed 70208K, reserved 1114112K
  class space    used 8948K, committed 9216K, reserved 1048576K
}
Event: 62.781 GC heap before
{Heap before GC invocations=21 (full 0):
 garbage-first heap   total 81920K, used 66284K [0x0000000082600000, 0x0000000100000000)
  region size 1024K, 45 young (46080K), 5 survivors (5120K)
 Metaspace       used 75050K, committed 75648K, reserved 1122304K
  class space    used 9719K, committed 9984K, reserved 1048576K
}
Event: 62.792 GC heap after
{Heap after GC invocations=22 (full 0):
 garbage-first heap   total 81920K, used 28975K [0x0000000082600000, 0x0000000100000000)
  region size 1024K, 6 young (6144K), 6 survivors (6144K)
 Metaspace       used 75050K, committed 75648K, reserved 1122304K
  class space    used 9719K, committed 9984K, reserved 1048576K
}

