# JRE version: OpenJDK Runtime Environment Temurin-17.0.1+12 (17.0.1+12) (build 17.0.1+12)
# Java VM: OpenJDK 64-Bit Server VM Temurin-17.0.1+12 (17.0.1+12, mixed mode, tiered, compressed oops, compressed class ptrs, g1 gc, windows-amd64)
GC Precious Log:
 CPUs: 8 total, 8 available
 Memory: 8038M
 Large Page Support: Disabled
 NUMA Support: Disabled
 Compressed Oops: Enabled (32-bit)
 Heap Region Size: 1M
 Heap Min Capacity: 8M
 Heap Initial Capacity: 126M
 Heap Max Capacity: 2010M
 Pre-touch: Disabled
 Parallel Workers: 8
 Concurrent Workers: 2
 Concurrent Refinement Workers: 8
 Periodic GC: Disabled
Heap:
 garbage-first heap   total 81920K, used 30213K [0x0000000082600000, 0x0000000100000000)
  region size 1024K, 3 young (3072K), 2 survivors (2048K)
 Metaspace       used 81891K, committed 82432K, reserved 1122304K
  class space    used 10582K, committed 10880K, reserved 1048576K
GC Heap History (20 events):
Event: 3.127 GC heap before
{Heap before GC invocations=10 (full 0):
 garbage-first heap   total 76800K, used 55503K [0x0000000082600000, 0x0000000100000000)
  region size 1024K, 45 young (46080K), 1 survivors (1024K)
 Metaspace       used 26099K, committed 26368K, reserved 1073152K
  class space    used 2925K, committed 3072K, reserved 1048576K
}
Event: 3.129 GC heap after
{Heap after GC invocations=11 (full 0):
 garbage-first heap   total 76800K, used 11539K [0x0000000082600000, 0x0000000100000000)
  region size 1024K, 1 young (1024K), 1 survivors (1024K)
 Metaspace       used 26099K, committed 26368K, reserved 1073152K
  class space    used 2925K, committed 3072K, reserved 1048576K
}
Event: 4.971 GC heap before
{Heap before GC invocations=11 (full 0):
 garbage-first heap   total 76800K, used 56595K [0x0000000082600000, 0x0000000100000000)
  region size 1024K, 45 young (46080K), 1 survivors (1024K)
 Metaspace       used 32005K, committed 32384K, reserved 1081344K
  class space    used 3691K, committed 3840K, reserved 1048576K
}
Event: 4.975 GC heap after
{Heap after GC invocations=12 (full 0):
 garbage-first heap   total 76800K, used 15164K [0x0000000082600000, 0x0000000100000000)
  region size 1024K, 4 young (4096K), 4 survivors (4096K)
 Metaspace       used 32005K, committed 32384K, reserved 1081344K
  class space    used 3691K, committed 3840K, reserved 1048576K
}
Event: 6.752 GC heap before
{Heap before GC invocations=12 (full 0):
 garbage-first heap   total 76800K, used 32572K [0x0000000082600000, 0x0000000100000000)
  region size 1024K, 22 young (22528K), 4 survivors (4096K)
 Metaspace       used 35680K, committed 36096K, reserved 1081344K
  class space    used 4210K, committed 4352K, reserved 1048576K
}
Event: 6.758 GC heap after
{Heap after GC invocations=13 (full 0):
 garbage-first heap   total 76800K, used 17282K [0x0000000082600000, 0x0000000100000000)
  region size 1024K, 3 young (3072K), 3 survivors (3072K)
 Metaspace       used 35680K, committed 36096K, reserved 1081344K
  class space    used 4210K, committed 4352K, reserved 1048576K
}
Event: 7.361 GC heap before
{Heap before GC invocations=14 (full 0):
 garbage-first heap   total 65536K, used 52098K [0x0000000082600000, 0x0000000100000000)
  region size 1024K, 38 young (38912K), 3 survivors (3072K)
 Metaspace       used 36156K, committed 36544K, reserved 1089536K
  class space    used 4266K, committed 4416K, reserved 1048576K
}
Event: 7.365 GC heap after
{Heap after GC invocations=15 (full 0):
 garbage-first heap   total 65536K, used 17325K [0x0000000082600000, 0x0000000100000000)
  region size 1024K, 3 young (3072K), 3 survivors (3072K)
 Metaspace       used 36156K, committed 36544K, reserved 1089536K
  class space    used 4266K, committed 4416K, reserved 1048576K
}
Event: 7.373 GC heap before
{Heap before GC invocations=15 (full 0):
 garbage-first heap   total 65536K, used 50093K [0x0000000082600000, 0x0000000100000000)
  region size 1024K, 36 young (36864K), 3 survivors (3072K)
 Metaspace       used 36156K, committed 36544K, reserved 1089536K
  class space    used 4266K, committed 4416K, reserved 1048576K
}
Event: 7.377 GC heap after
{Heap after GC invocations=16 (full 0):
 garbage-first heap   total 65536K, used 17401K [0x0000000082600000, 0x0000000100000000)
  region size 1024K, 3 young (3072K), 3 survivors (3072K)
 Metaspace       used 36156K, committed 36544K, reserved 1089536K
  class space    used 4266K, committed 4416K, reserved 1048576K
}
Event: 7.384 GC heap before
{Heap before GC invocations=16 (full 0):
 garbage-first heap   total 65536K, used 51193K [0x0000000082600000, 0x0000000100000000)
  region size 1024K, 37 young (37888K), 3 survivors (3072K)
 Metaspace       used 36156K, committed 36544K, reserved 1089536K
  class space    used 4266K, committed 4416K, reserved 1048576K
}
Event: 7.387 GC heap after
{Heap after GC invocations=17 (full 0):
 garbage-first heap   total 65536K, used 17462K [0x0000000082600000, 0x0000000100000000)
  region size 1024K, 3 young (3072K), 3 survivors (3072K)
 Metaspace       used 36156K, committed 36544K, reserved 1089536K
  class space    used 4266K, committed 4416K, reserved 1048576K
}
Event: 8.114 GC heap before
{Heap before GC invocations=17 (full 0):
 garbage-first heap   total 65536K, used 52278K [0x0000000082600000, 0x0000000100000000)
  region size 1024K, 38 young (38912K), 3 survivors (3072K)
 Metaspace       used 37706K, committed 38144K, reserved 1089536K
  class space    used 4461K, committed 4672K, reserved 1048576K
}
Event: 8.120 GC heap after
{Heap after GC invocations=18 (full 0):
 garbage-first heap   total 174080K, used 17927K [0x0000000082600000, 0x0000000100000000)
  region size 1024K, 3 young (3072K), 3 survivors (3072K)
 Metaspace       used 37706K, committed 38144K, reserved 1089536K
  class space    used 4461K, committed 4672K, reserved 1048576K
}
Event: 21.284 GC heap before
{Heap before GC invocations=18 (full 0):
 garbage-first heap   total 174080K, used 108039K [0x0000000082600000, 0x0000000100000000)
  region size 1024K, 92 young (94208K), 3 survivors (3072K)
 Metaspace       used 59828K, committed 60288K, reserved 1105920K
  class space    used 7383K, committed 7616K, reserved 1048576K
}
Event: 21.294 GC heap after
{Heap after GC invocations=19 (full 0):
 garbage-first heap   total 174080K, used 22799K [0x0000000082600000, 0x0000000100000000)
  region size 1024K, 8 young (8192K), 8 survivors (8192K)
 Metaspace       used 59828K, committed 60288K, reserved 1105920K
  class space    used 7383K, committed 7616K, reserved 1048576K
}
Event: 24.869 GC heap before
{Heap before GC invocations=20 (full 0):
 garbage-first heap   total 81920K, used 63759K [0x0000000082600000, 0x0000000100000000)
  region size 1024K, 48 young (49152K), 8 survivors (8192K)
 Metaspace       used 69600K, committed 70144K, reserved 1114112K
  class space    used 8927K, committed 9216K, reserved 1048576K
}
Event: 24.877 GC heap after
{Heap after GC invocations=21 (full 0):
 garbage-first heap   total 81920K, used 25340K [0x0000000082600000, 0x0000000100000000)
  region size 1024K, 3 young (3072K), 3 survivors (3072K)
 Metaspace       used 69600K, committed 70144K, reserved 1114112K
  class space    used 8927K, committed 9216K, reserved 1048576K
}
Event: 26.136 GC heap before
{Heap before GC invocations=21 (full 0):
 garbage-first heap   total 81920K, used 66300K [0x0000000082600000, 0x0000000100000000)
  region size 1024K, 43 young (44032K), 3 survivors (3072K)
 Metaspace       used 74869K, committed 75456K, reserved 1122304K
  class space    used 9692K, committed 9984K, reserved 1048576K
}
Event: 26.144 GC heap after
{Heap after GC invocations=22 (full 0):
 garbage-first heap   total 81920K, used 28680K [0x0000000082600000, 0x0000000100000000)
  region size 1024K, 6 young (6144K), 6 survivors (6144K)
 Metaspace       used 74869K, committed 75456K, reserved 1122304K
  class space    used 9692K, committed 9984K, reserved 1048576K
}

